ARM GAS  C:\Users\ADMINI~1\AppData\Local\Temp\ccS8hll8.s 			page 1


   1              		.cpu cortex-m4
   2              		.eabi_attribute 27, 1
   3              		.eabi_attribute 28, 1
   4              		.eabi_attribute 20, 1
   5              		.eabi_attribute 21, 1
   6              		.eabi_attribute 23, 3
   7              		.eabi_attribute 24, 1
   8              		.eabi_attribute 25, 1
   9              		.eabi_attribute 26, 1
  10              		.eabi_attribute 30, 1
  11              		.eabi_attribute 34, 1
  12              		.eabi_attribute 18, 4
  13              		.file	"Flasher.c"
  14              		.text
  15              	.Ltext0:
  16              		.cfi_sections	.debug_frame
  17              		.section	.rodata.Flasher_Init.str1.4,"aMS",%progbits,1
  18              		.align	2
  19              	.LC0:
  20 0000 44656275 		.ascii	"Debug : Let`s Initialize peripherals!!\015\012\000"
  20      67203A20 
  20      4C657460 
  20      7320496E 
  20      69746961 
  21 0029 000000   		.align	2
  22              	.LC1:
  23 002c 706C6561 		.ascii	"please insert SD Card!!\015\012\000"
  23      73652069 
  23      6E736572 
  23      74205344 
  23      20436172 
  24 0046 0000     		.align	2
  25              	.LC2:
  26 0048 62696F73 		.ascii	"bios.bin\000"
  26      2E62696E 
  26      00
  27              		.section	.text.Flasher_Init,"ax",%progbits
  28              		.align	1
  29              		.global	Flasher_Init
  30              		.arch armv7e-m
  31              		.syntax unified
  32              		.thumb
  33              		.thumb_func
  34              		.fpu fpv4-sp-d16
  36              	Flasher_Init:
  37              	.LFB133:
  38              		.file 1 "Src/Flasher.c"
   1:Src/Flasher.c **** #include "main.h"
   2:Src/Flasher.c **** #include "spi.h"
   3:Src/Flasher.c **** #include "quadspi.h"
   4:Src/Flasher.c **** #include "stm32l4xx_hal.h"
   5:Src/Flasher.c **** #include "SD_Card_APP.h"
   6:Src/Flasher.c **** #include "Myquadspi.h"
   7:Src/Flasher.c **** #include "IS25.h"
   8:Src/Flasher.c **** #include "Debug.h"
   9:Src/Flasher.c **** #include <stdlib.h>
  10:Src/Flasher.c **** #include <string.h>
ARM GAS  C:\Users\ADMINI~1\AppData\Local\Temp\ccS8hll8.s 			page 2


  11:Src/Flasher.c **** #include <stdio.h>
  12:Src/Flasher.c **** #include <time.h>
  13:Src/Flasher.c **** #include <inttypes.h> // PRId64, PRIu64
  14:Src/Flasher.c **** 
  15:Src/Flasher.c **** extern SPI_HandleTypeDef hspi1;
  16:Src/Flasher.c **** extern QSPI_HandleTypeDef hqspi;
  17:Src/Flasher.c **** 
  18:Src/Flasher.c **** int LED_Mode = 0, LED_Mode_old = 0, blink_mode = 0;
  19:Src/Flasher.c **** 
  20:Src/Flasher.c **** uint8_t Cmd = 0, Data[9] = {0,};
  21:Src/Flasher.c **** volatile uint8_t ShowFlag = 0;
  22:Src/Flasher.c **** 
  23:Src/Flasher.c **** void Flasher_Init(){
  39              		.loc 1 23 20 view -0
  40              		.cfi_startproc
  41              		@ args = 0, pretend = 0, frame = 40
  42              		@ frame_needed = 0, uses_anonymous_args = 0
  43 0000 10B5     		push	{r4, lr}
  44              	.LCFI0:
  45              		.cfi_def_cfa_offset 8
  46              		.cfi_offset 4, -8
  47              		.cfi_offset 14, -4
  48 0002 8AB0     		sub	sp, sp, #40
  49              	.LCFI1:
  50              		.cfi_def_cfa_offset 48
  24:Src/Flasher.c ****   DEBUG("Let`s Initialize peripherals!!\r\n");
  51              		.loc 1 24 3 view .LVU1
  52 0004 1C48     		ldr	r0, .L7
  53 0006 FFF7FEFF 		bl	my_printf
  54              	.LVL0:
  25:Src/Flasher.c ****   QSPI_SetInit(3);
  55              		.loc 1 25 3 view .LVU2
  56 000a 0320     		movs	r0, #3
  57 000c FFF7FEFF 		bl	QSPI_SetInit
  58              	.LVL1:
  26:Src/Flasher.c ****   IS25LP128_Wakeup();
  59              		.loc 1 26 3 view .LVU3
  60 0010 FFF7FEFF 		bl	IS25LP128_Wakeup
  61              	.LVL2:
  27:Src/Flasher.c ****   IS25LP128_Init();
  62              		.loc 1 27 3 view .LVU4
  63 0014 FFF7FEFF 		bl	IS25LP128_Init
  64              	.LVL3:
  28:Src/Flasher.c **** 
  29:Src/Flasher.c ****   uint8_t rData[0x21] = {0,};
  65              		.loc 1 29 3 view .LVU5
  66              		.loc 1 29 11 is_stmt 0 view .LVU6
  67 0018 0024     		movs	r4, #0
  68 001a 0194     		str	r4, [sp, #4]
  69 001c 1D22     		movs	r2, #29
  70 001e 2146     		mov	r1, r4
  71 0020 02A8     		add	r0, sp, #8
  72 0022 FFF7FEFF 		bl	memset
  73              	.LVL4:
  30:Src/Flasher.c ****   IS25LP128_Read(0, rData, 0x20);
  74              		.loc 1 30 3 is_stmt 1 view .LVU7
  75 0026 2022     		movs	r2, #32
ARM GAS  C:\Users\ADMINI~1\AppData\Local\Temp\ccS8hll8.s 			page 3


  76 0028 01A9     		add	r1, sp, #4
  77 002a 2046     		mov	r0, r4
  78 002c FFF7FEFF 		bl	IS25LP128_Read
  79              	.LVL5:
  31:Src/Flasher.c ****   PrintMemoryMap(0, rData, 0x20, 16);
  80              		.loc 1 31 3 view .LVU8
  81 0030 1023     		movs	r3, #16
  82 0032 2022     		movs	r2, #32
  83 0034 01A9     		add	r1, sp, #4
  84 0036 2046     		mov	r0, r4
  85 0038 FFF7FEFF 		bl	PrintMemoryMap
  86              	.LVL6:
  32:Src/Flasher.c ****   if(Card_Detact_GPIO_Port->IDR & Card_Detact_Pin){
  87              		.loc 1 32 3 view .LVU9
  88              		.loc 1 32 27 is_stmt 0 view .LVU10
  89 003c 4FF09043 		mov	r3, #1207959552
  90 0040 1B69     		ldr	r3, [r3, #16]
  91              		.loc 1 32 5 view .LVU11
  92 0042 13F4004F 		tst	r3, #32768
  93 0046 0FD0     		beq	.L2
  33:Src/Flasher.c ****     my_printf("please insert SD Card!!\r\n");
  94              		.loc 1 33 5 is_stmt 1 view .LVU12
  95 0048 0C48     		ldr	r0, .L7+4
  96 004a FFF7FEFF 		bl	my_printf
  97              	.LVL7:
  34:Src/Flasher.c ****     LED_Mode = 3;
  98              		.loc 1 34 5 view .LVU13
  99              		.loc 1 34 14 is_stmt 0 view .LVU14
 100 004e 0C4B     		ldr	r3, .L7+8
 101 0050 0322     		movs	r2, #3
 102 0052 1A60     		str	r2, [r3]
  35:Src/Flasher.c ****     while(Start_Btn_GPIO_Port->IDR & Start_Btn_Pin)HAL_Delay(100);
 103              		.loc 1 35 5 is_stmt 1 view .LVU15
 104              	.L3:
 105              		.loc 1 35 10 discriminator 1 view .LVU16
 106              		.loc 1 35 30 is_stmt 0 discriminator 1 view .LVU17
 107 0054 4FF09043 		mov	r3, #1207959552
 108 0058 1B69     		ldr	r3, [r3, #16]
 109              		.loc 1 35 10 discriminator 1 view .LVU18
 110 005a 13F0010F 		tst	r3, #1
 111 005e 08D0     		beq	.L1
 112              		.loc 1 35 52 is_stmt 1 discriminator 2 view .LVU19
 113 0060 6420     		movs	r0, #100
 114 0062 FFF7FEFF 		bl	HAL_Delay
 115              	.LVL8:
 116 0066 F5E7     		b	.L3
 117              	.L2:
  36:Src/Flasher.c ****     
  37:Src/Flasher.c ****   }else{
  38:Src/Flasher.c ****     SDCard_Init();
 118              		.loc 1 38 5 view .LVU20
 119 0068 FFF7FEFF 		bl	SDCard_Init
 120              	.LVL9:
  39:Src/Flasher.c ****     /*
  40:Src/Flasher.c ****     IS25LP128_SectorErase(0x000000);
  41:Src/Flasher.c ****     IS25LP128_SectorErase(0x001000);
  42:Src/Flasher.c ****     IS25LP128_SectorErase(0x002000);
ARM GAS  C:\Users\ADMINI~1\AppData\Local\Temp\ccS8hll8.s 			page 4


  43:Src/Flasher.c ****     IS25LP128_SectorErase(0x003000);
  44:Src/Flasher.c ****     IS25LP128_SectorErase(0x004000);
  45:Src/Flasher.c ****     IS25LP128_SectorErase(0x005000);*/
  46:Src/Flasher.c ****     SDCard_bin("bios.bin");
 121              		.loc 1 46 5 view .LVU21
 122 006c 0548     		ldr	r0, .L7+12
 123 006e FFF7FEFF 		bl	SDCard_bin
 124              	.LVL10:
 125              	.L1:
  47:Src/Flasher.c ****     // memset(rData, 0, 0x1000);
  48:Src/Flasher.c ****     // IS25LP128_Read(0, rData, 0x1000);
  49:Src/Flasher.c ****     // PrintMemoryMap(0, rData, 0x1000, 16);
  50:Src/Flasher.c **** 
  51:Src/Flasher.c ****   }
  52:Src/Flasher.c **** }
 126              		.loc 1 52 1 is_stmt 0 view .LVU22
 127 0072 0AB0     		add	sp, sp, #40
 128              	.LCFI2:
 129              		.cfi_def_cfa_offset 8
 130              		@ sp needed
 131 0074 10BD     		pop	{r4, pc}
 132              	.L8:
 133 0076 00BF     		.align	2
 134              	.L7:
 135 0078 00000000 		.word	.LC0
 136 007c 2C000000 		.word	.LC1
 137 0080 00000000 		.word	.LANCHOR0
 138 0084 48000000 		.word	.LC2
 139              		.cfi_endproc
 140              	.LFE133:
 142              		.section	.text.HAL_TIM_PeriodElapsedCallback,"ax",%progbits
 143              		.align	1
 144              		.global	HAL_TIM_PeriodElapsedCallback
 145              		.syntax unified
 146              		.thumb
 147              		.thumb_func
 148              		.fpu fpv4-sp-d16
 150              	HAL_TIM_PeriodElapsedCallback:
 151              	.LVL11:
 152              	.LFB134:
  53:Src/Flasher.c **** void HAL_TIM_PeriodElapsedCallback(TIM_HandleTypeDef *htim)
  54:Src/Flasher.c **** {
 153              		.loc 1 54 1 is_stmt 1 view -0
 154              		.cfi_startproc
 155              		@ args = 0, pretend = 0, frame = 0
 156              		@ frame_needed = 0, uses_anonymous_args = 0
 157              		@ link register save eliminated.
  55:Src/Flasher.c ****   if(htim->Instance == TIM1){
 158              		.loc 1 55 3 view .LVU24
 159              		.loc 1 55 10 is_stmt 0 view .LVU25
 160 0000 0268     		ldr	r2, [r0]
 161              		.loc 1 55 5 view .LVU26
 162 0002 2E4B     		ldr	r3, .L26
 163 0004 9A42     		cmp	r2, r3
 164 0006 00D0     		beq	.L21
 165              	.L9:
  56:Src/Flasher.c ****     if(LED_Mode != LED_Mode_old){LED_Mode_old = LED_Mode; blink_mode = 0;}
ARM GAS  C:\Users\ADMINI~1\AppData\Local\Temp\ccS8hll8.s 			page 5


  57:Src/Flasher.c ****       switch(LED_Mode){
  58:Src/Flasher.c ****         case 0://Not Change
  59:Src/Flasher.c ****           if(blink_mode == 0){
  60:Src/Flasher.c ****             Stat_LED_GPIO_Port->BRR = Stat_LED_Pin;
  61:Src/Flasher.c ****             blink_mode++;
  62:Src/Flasher.c ****           }
  63:Src/Flasher.c ****         break;
  64:Src/Flasher.c ****         case 1://Blinking(Duty : 10%)
  65:Src/Flasher.c ****           blink_mode++;
  66:Src/Flasher.c ****           if(blink_mode == 1)Stat_LED_GPIO_Port->BSRR = Stat_LED_Pin;
  67:Src/Flasher.c ****           else if(blink_mode == 2)Stat_LED_GPIO_Port->BRR = Stat_LED_Pin;
  68:Src/Flasher.c ****           else if(blink_mode == 10)blink_mode = 0;
  69:Src/Flasher.c ****         break;
  70:Src/Flasher.c ****         case 2://On
  71:Src/Flasher.c ****           if(blink_mode == 0){
  72:Src/Flasher.c ****             Stat_LED_GPIO_Port->BSRR = Stat_LED_Pin;
  73:Src/Flasher.c ****             blink_mode++;
  74:Src/Flasher.c ****           }
  75:Src/Flasher.c ****         break;
  76:Src/Flasher.c ****         case 3://Error(Toggling)(Duty : 50%)
  77:Src/Flasher.c ****           blink_mode++;
  78:Src/Flasher.c ****           if(blink_mode == 1)Stat_LED_GPIO_Port->BSRR = Stat_LED_Pin;
  79:Src/Flasher.c ****           else if(blink_mode == 6)Stat_LED_GPIO_Port->BRR = Stat_LED_Pin;
  80:Src/Flasher.c ****           else if(blink_mode == 10)blink_mode = 0;
  81:Src/Flasher.c ****         break;
  82:Src/Flasher.c ****       }
  83:Src/Flasher.c ****   }
  84:Src/Flasher.c **** }
 166              		.loc 1 84 1 view .LVU27
 167 0008 7047     		bx	lr
 168              	.L21:
  56:Src/Flasher.c ****     if(LED_Mode != LED_Mode_old){LED_Mode_old = LED_Mode; blink_mode = 0;}
 169              		.loc 1 56 5 is_stmt 1 view .LVU28
  56:Src/Flasher.c ****     if(LED_Mode != LED_Mode_old){LED_Mode_old = LED_Mode; blink_mode = 0;}
 170              		.loc 1 56 17 is_stmt 0 view .LVU29
 171 000a 2D4B     		ldr	r3, .L26+4
 172 000c 1B68     		ldr	r3, [r3]
 173 000e 2D4A     		ldr	r2, .L26+8
 174 0010 1268     		ldr	r2, [r2]
  56:Src/Flasher.c ****     if(LED_Mode != LED_Mode_old){LED_Mode_old = LED_Mode; blink_mode = 0;}
 175              		.loc 1 56 7 view .LVU30
 176 0012 9342     		cmp	r3, r2
 177 0014 04D0     		beq	.L11
  56:Src/Flasher.c ****     if(LED_Mode != LED_Mode_old){LED_Mode_old = LED_Mode; blink_mode = 0;}
 178              		.loc 1 56 34 is_stmt 1 discriminator 1 view .LVU31
  56:Src/Flasher.c ****     if(LED_Mode != LED_Mode_old){LED_Mode_old = LED_Mode; blink_mode = 0;}
 179              		.loc 1 56 47 is_stmt 0 discriminator 1 view .LVU32
 180 0016 2B4A     		ldr	r2, .L26+8
 181 0018 1360     		str	r3, [r2]
  56:Src/Flasher.c ****     if(LED_Mode != LED_Mode_old){LED_Mode_old = LED_Mode; blink_mode = 0;}
 182              		.loc 1 56 59 is_stmt 1 discriminator 1 view .LVU33
  56:Src/Flasher.c ****     if(LED_Mode != LED_Mode_old){LED_Mode_old = LED_Mode; blink_mode = 0;}
 183              		.loc 1 56 70 is_stmt 0 discriminator 1 view .LVU34
 184 001a 2B4A     		ldr	r2, .L26+12
 185 001c 0021     		movs	r1, #0
 186 001e 1160     		str	r1, [r2]
 187              	.L11:
ARM GAS  C:\Users\ADMINI~1\AppData\Local\Temp\ccS8hll8.s 			page 6


  57:Src/Flasher.c ****         case 0://Not Change
 188              		.loc 1 57 7 is_stmt 1 view .LVU35
 189 0020 032B     		cmp	r3, #3
 190 0022 F1D8     		bhi	.L9
 191 0024 DFE803F0 		tbb	[pc, r3]
 192              	.L13:
 193 0028 02       		.byte	(.L16-.L13)/2
 194 0029 0E       		.byte	(.L15-.L13)/2
 195 002a 26       		.byte	(.L14-.L13)/2
 196 002b 32       		.byte	(.L12-.L13)/2
 197              		.p2align 1
 198              	.L16:
  59:Src/Flasher.c ****             Stat_LED_GPIO_Port->BRR = Stat_LED_Pin;
 199              		.loc 1 59 11 view .LVU36
  59:Src/Flasher.c ****             Stat_LED_GPIO_Port->BRR = Stat_LED_Pin;
 200              		.loc 1 59 25 is_stmt 0 view .LVU37
 201 002c 264B     		ldr	r3, .L26+12
 202 002e 1B68     		ldr	r3, [r3]
  59:Src/Flasher.c ****             Stat_LED_GPIO_Port->BRR = Stat_LED_Pin;
 203              		.loc 1 59 13 view .LVU38
 204 0030 002B     		cmp	r3, #0
 205 0032 E9D1     		bne	.L9
  60:Src/Flasher.c ****             blink_mode++;
 206              		.loc 1 60 13 is_stmt 1 view .LVU39
  60:Src/Flasher.c ****             blink_mode++;
 207              		.loc 1 60 37 is_stmt 0 view .LVU40
 208 0034 4FF09042 		mov	r2, #1207959552
 209 0038 0221     		movs	r1, #2
 210 003a 9162     		str	r1, [r2, #40]
  61:Src/Flasher.c ****           }
 211              		.loc 1 61 13 is_stmt 1 view .LVU41
  61:Src/Flasher.c ****           }
 212              		.loc 1 61 23 is_stmt 0 view .LVU42
 213 003c 0133     		adds	r3, r3, #1
 214 003e 224A     		ldr	r2, .L26+12
 215 0040 1360     		str	r3, [r2]
 216 0042 7047     		bx	lr
 217              	.L15:
  65:Src/Flasher.c ****           if(blink_mode == 1)Stat_LED_GPIO_Port->BSRR = Stat_LED_Pin;
 218              		.loc 1 65 11 is_stmt 1 view .LVU43
  65:Src/Flasher.c ****           if(blink_mode == 1)Stat_LED_GPIO_Port->BSRR = Stat_LED_Pin;
 219              		.loc 1 65 21 is_stmt 0 view .LVU44
 220 0044 204A     		ldr	r2, .L26+12
 221 0046 1368     		ldr	r3, [r2]
 222 0048 0133     		adds	r3, r3, #1
 223 004a 1360     		str	r3, [r2]
  66:Src/Flasher.c ****           else if(blink_mode == 2)Stat_LED_GPIO_Port->BRR = Stat_LED_Pin;
 224              		.loc 1 66 11 is_stmt 1 view .LVU45
  66:Src/Flasher.c ****           else if(blink_mode == 2)Stat_LED_GPIO_Port->BRR = Stat_LED_Pin;
 225              		.loc 1 66 13 is_stmt 0 view .LVU46
 226 004c 012B     		cmp	r3, #1
 227 004e 07D0     		beq	.L22
  67:Src/Flasher.c ****           else if(blink_mode == 10)blink_mode = 0;
 228              		.loc 1 67 16 is_stmt 1 view .LVU47
  67:Src/Flasher.c ****           else if(blink_mode == 10)blink_mode = 0;
 229              		.loc 1 67 18 is_stmt 0 view .LVU48
 230 0050 022B     		cmp	r3, #2
ARM GAS  C:\Users\ADMINI~1\AppData\Local\Temp\ccS8hll8.s 			page 7


 231 0052 0AD0     		beq	.L23
  68:Src/Flasher.c ****         break;
 232              		.loc 1 68 16 is_stmt 1 view .LVU49
  68:Src/Flasher.c ****         break;
 233              		.loc 1 68 18 is_stmt 0 view .LVU50
 234 0054 0A2B     		cmp	r3, #10
 235 0056 D7D1     		bne	.L9
  68:Src/Flasher.c ****         break;
 236              		.loc 1 68 36 is_stmt 1 discriminator 1 view .LVU51
  68:Src/Flasher.c ****         break;
 237              		.loc 1 68 47 is_stmt 0 discriminator 1 view .LVU52
 238 0058 1B4B     		ldr	r3, .L26+12
 239 005a 0022     		movs	r2, #0
 240 005c 1A60     		str	r2, [r3]
 241 005e 7047     		bx	lr
 242              	.L22:
  66:Src/Flasher.c ****           else if(blink_mode == 2)Stat_LED_GPIO_Port->BRR = Stat_LED_Pin;
 243              		.loc 1 66 30 is_stmt 1 discriminator 1 view .LVU53
  66:Src/Flasher.c ****           else if(blink_mode == 2)Stat_LED_GPIO_Port->BRR = Stat_LED_Pin;
 244              		.loc 1 66 55 is_stmt 0 discriminator 1 view .LVU54
 245 0060 4FF09043 		mov	r3, #1207959552
 246 0064 0222     		movs	r2, #2
 247 0066 9A61     		str	r2, [r3, #24]
 248 0068 7047     		bx	lr
 249              	.L23:
  67:Src/Flasher.c ****           else if(blink_mode == 10)blink_mode = 0;
 250              		.loc 1 67 35 is_stmt 1 discriminator 1 view .LVU55
  67:Src/Flasher.c ****           else if(blink_mode == 10)blink_mode = 0;
 251              		.loc 1 67 59 is_stmt 0 discriminator 1 view .LVU56
 252 006a 4FF09043 		mov	r3, #1207959552
 253 006e 0222     		movs	r2, #2
 254 0070 9A62     		str	r2, [r3, #40]
 255 0072 7047     		bx	lr
 256              	.L14:
  71:Src/Flasher.c ****             Stat_LED_GPIO_Port->BSRR = Stat_LED_Pin;
 257              		.loc 1 71 11 is_stmt 1 view .LVU57
  71:Src/Flasher.c ****             Stat_LED_GPIO_Port->BSRR = Stat_LED_Pin;
 258              		.loc 1 71 25 is_stmt 0 view .LVU58
 259 0074 144B     		ldr	r3, .L26+12
 260 0076 1B68     		ldr	r3, [r3]
  71:Src/Flasher.c ****             Stat_LED_GPIO_Port->BSRR = Stat_LED_Pin;
 261              		.loc 1 71 13 view .LVU59
 262 0078 002B     		cmp	r3, #0
 263 007a C5D1     		bne	.L9
  72:Src/Flasher.c ****             blink_mode++;
 264              		.loc 1 72 13 is_stmt 1 view .LVU60
  72:Src/Flasher.c ****             blink_mode++;
 265              		.loc 1 72 38 is_stmt 0 view .LVU61
 266 007c 4FF09042 		mov	r2, #1207959552
 267 0080 0221     		movs	r1, #2
 268 0082 9161     		str	r1, [r2, #24]
  73:Src/Flasher.c ****           }
 269              		.loc 1 73 13 is_stmt 1 view .LVU62
  73:Src/Flasher.c ****           }
 270              		.loc 1 73 23 is_stmt 0 view .LVU63
 271 0084 0133     		adds	r3, r3, #1
 272 0086 104A     		ldr	r2, .L26+12
ARM GAS  C:\Users\ADMINI~1\AppData\Local\Temp\ccS8hll8.s 			page 8


 273 0088 1360     		str	r3, [r2]
 274 008a 7047     		bx	lr
 275              	.L12:
  77:Src/Flasher.c ****           if(blink_mode == 1)Stat_LED_GPIO_Port->BSRR = Stat_LED_Pin;
 276              		.loc 1 77 11 is_stmt 1 view .LVU64
  77:Src/Flasher.c ****           if(blink_mode == 1)Stat_LED_GPIO_Port->BSRR = Stat_LED_Pin;
 277              		.loc 1 77 21 is_stmt 0 view .LVU65
 278 008c 0E4A     		ldr	r2, .L26+12
 279 008e 1368     		ldr	r3, [r2]
 280 0090 0133     		adds	r3, r3, #1
 281 0092 1360     		str	r3, [r2]
  78:Src/Flasher.c ****           else if(blink_mode == 6)Stat_LED_GPIO_Port->BRR = Stat_LED_Pin;
 282              		.loc 1 78 11 is_stmt 1 view .LVU66
  78:Src/Flasher.c ****           else if(blink_mode == 6)Stat_LED_GPIO_Port->BRR = Stat_LED_Pin;
 283              		.loc 1 78 13 is_stmt 0 view .LVU67
 284 0094 012B     		cmp	r3, #1
 285 0096 07D0     		beq	.L24
  79:Src/Flasher.c ****           else if(blink_mode == 10)blink_mode = 0;
 286              		.loc 1 79 16 is_stmt 1 view .LVU68
  79:Src/Flasher.c ****           else if(blink_mode == 10)blink_mode = 0;
 287              		.loc 1 79 18 is_stmt 0 view .LVU69
 288 0098 062B     		cmp	r3, #6
 289 009a 0AD0     		beq	.L25
  80:Src/Flasher.c ****         break;
 290              		.loc 1 80 16 is_stmt 1 view .LVU70
  80:Src/Flasher.c ****         break;
 291              		.loc 1 80 18 is_stmt 0 view .LVU71
 292 009c 0A2B     		cmp	r3, #10
 293 009e B3D1     		bne	.L9
  80:Src/Flasher.c ****         break;
 294              		.loc 1 80 36 is_stmt 1 discriminator 1 view .LVU72
  80:Src/Flasher.c ****         break;
 295              		.loc 1 80 47 is_stmt 0 discriminator 1 view .LVU73
 296 00a0 094B     		ldr	r3, .L26+12
 297 00a2 0022     		movs	r2, #0
 298 00a4 1A60     		str	r2, [r3]
 299              		.loc 1 84 1 discriminator 1 view .LVU74
 300 00a6 AFE7     		b	.L9
 301              	.L24:
  78:Src/Flasher.c ****           else if(blink_mode == 6)Stat_LED_GPIO_Port->BRR = Stat_LED_Pin;
 302              		.loc 1 78 30 is_stmt 1 discriminator 1 view .LVU75
  78:Src/Flasher.c ****           else if(blink_mode == 6)Stat_LED_GPIO_Port->BRR = Stat_LED_Pin;
 303              		.loc 1 78 55 is_stmt 0 discriminator 1 view .LVU76
 304 00a8 4FF09043 		mov	r3, #1207959552
 305 00ac 0222     		movs	r2, #2
 306 00ae 9A61     		str	r2, [r3, #24]
 307 00b0 7047     		bx	lr
 308              	.L25:
  79:Src/Flasher.c ****           else if(blink_mode == 10)blink_mode = 0;
 309              		.loc 1 79 35 is_stmt 1 discriminator 1 view .LVU77
  79:Src/Flasher.c ****           else if(blink_mode == 10)blink_mode = 0;
 310              		.loc 1 79 59 is_stmt 0 discriminator 1 view .LVU78
 311 00b2 4FF09043 		mov	r3, #1207959552
 312 00b6 0222     		movs	r2, #2
 313 00b8 9A62     		str	r2, [r3, #40]
 314 00ba 7047     		bx	lr
 315              	.L27:
ARM GAS  C:\Users\ADMINI~1\AppData\Local\Temp\ccS8hll8.s 			page 9


 316              		.align	2
 317              	.L26:
 318 00bc 002C0140 		.word	1073818624
 319 00c0 00000000 		.word	.LANCHOR0
 320 00c4 00000000 		.word	.LANCHOR1
 321 00c8 00000000 		.word	.LANCHOR2
 322              		.cfi_endproc
 323              	.LFE134:
 325              		.section	.text.Flasher_Loop,"ax",%progbits
 326              		.align	1
 327              		.global	Flasher_Loop
 328              		.syntax unified
 329              		.thumb
 330              		.thumb_func
 331              		.fpu fpv4-sp-d16
 333              	Flasher_Loop:
 334              	.LFB135:
  85:Src/Flasher.c **** void Flasher_Loop(){
 335              		.loc 1 85 20 is_stmt 1 view -0
 336              		.cfi_startproc
 337              		@ args = 0, pretend = 0, frame = 0
 338              		@ frame_needed = 0, uses_anonymous_args = 0
 339              		@ link register save eliminated.
  86:Src/Flasher.c **** }...
 340              		.loc 1 86 1 view .LVU80
 341 0000 7047     		bx	lr
 342              		.cfi_endproc
 343              	.LFE135:
 345              		.global	ShowFlag
 346              		.global	Data
 347              		.global	Cmd
 348              		.global	blink_mode
 349              		.global	LED_Mode_old
 350              		.global	LED_Mode
 351              		.section	.bss.Cmd,"aw",%nobits
 354              	Cmd:
 355 0000 00       		.space	1
 356              		.section	.bss.Data,"aw",%nobits
 357              		.align	2
 360              	Data:
 361 0000 00000000 		.space	9
 361      00000000 
 361      00
 362              		.section	.bss.LED_Mode,"aw",%nobits
 363              		.align	2
 364              		.set	.LANCHOR0,. + 0
 367              	LED_Mode:
 368 0000 00000000 		.space	4
 369              		.section	.bss.LED_Mode_old,"aw",%nobits
 370              		.align	2
 371              		.set	.LANCHOR1,. + 0
 374              	LED_Mode_old:
 375 0000 00000000 		.space	4
 376              		.section	.bss.ShowFlag,"aw",%nobits
 379              	ShowFlag:
 380 0000 00       		.space	1
 381              		.section	.bss.blink_mode,"aw",%nobits
ARM GAS  C:\Users\ADMINI~1\AppData\Local\Temp\ccS8hll8.s 			page 10


 382              		.align	2
 383              		.set	.LANCHOR2,. + 0
 386              	blink_mode:
 387 0000 00000000 		.space	4
 388              		.text
 389              	.Letext0:
 390              		.file 2 "c:\\program files (x86)\\gnu arm embedded toolchain\\9 2020-q2-update\\arm-none-eabi\\inc
 391              		.file 3 "c:\\program files (x86)\\gnu arm embedded toolchain\\9 2020-q2-update\\arm-none-eabi\\inc
 392              		.file 4 "Drivers/CMSIS/Include/core_cm4.h"
 393              		.file 5 "Drivers/CMSIS/Device/ST/STM32L4xx/Include/system_stm32l4xx.h"
 394              		.file 6 "Drivers/CMSIS/Device/ST/STM32L4xx/Include/stm32l412xx.h"
 395              		.file 7 "Drivers/STM32L4xx_HAL_Driver/Inc/stm32l4xx_hal_def.h"
 396              		.file 8 "Drivers/STM32L4xx_HAL_Driver/Inc/stm32l4xx_hal_dma.h"
 397              		.file 9 "Drivers/STM32L4xx_HAL_Driver/Inc/stm32l4xx_hal_flash.h"
 398              		.file 10 "Drivers/STM32L4xx_HAL_Driver/Inc/stm32l4xx_hal_qspi.h"
 399              		.file 11 "Drivers/STM32L4xx_HAL_Driver/Inc/stm32l4xx_hal_spi.h"
 400              		.file 12 "Drivers/STM32L4xx_HAL_Driver/Inc/stm32l4xx_hal_tim.h"
 401              		.file 13 "Drivers/STM32L4xx_HAL_Driver/Inc/stm32l4xx_hal_uart.h"
 402              		.file 14 "Drivers/STM32L4xx_HAL_Driver/Inc/stm32l4xx_hal.h"
 403              		.file 15 "Inc/spi.h"
 404              		.file 16 "Inc/quadspi.h"
 405              		.file 17 "c:\\program files (x86)\\gnu arm embedded toolchain\\9 2020-q2-update\\lib\\gcc\\arm-non
 406              		.file 18 "c:\\program files (x86)\\gnu arm embedded toolchain\\9 2020-q2-update\\arm-none-eabi\\in
 407              		.file 19 "c:\\program files (x86)\\gnu arm embedded toolchain\\9 2020-q2-update\\arm-none-eabi\\in
 408              		.file 20 "c:\\program files (x86)\\gnu arm embedded toolchain\\9 2020-q2-update\\arm-none-eabi\\in
 409              		.file 21 "Inc/usart.h"
 410              		.file 22 "c:\\program files (x86)\\gnu arm embedded toolchain\\9 2020-q2-update\\arm-none-eabi\\in
 411              		.file 23 "c:\\program files (x86)\\gnu arm embedded toolchain\\9 2020-q2-update\\arm-none-eabi\\in
 412              		.file 24 "Inc/Myquadspi.h"
 413              		.file 25 "Inc/IS25.h"
 414              		.file 26 "User/SDcard/SD_Card_APP.h"
 415              		.file 27 "<built-in>"
ARM GAS  C:\Users\ADMINI~1\AppData\Local\Temp\ccS8hll8.s 			page 11


DEFINED SYMBOLS
                            *ABS*:00000000 Flasher.c
C:\Users\ADMINI~1\AppData\Local\Temp\ccS8hll8.s:18     .rodata.Flasher_Init.str1.4:00000000 $d
C:\Users\ADMINI~1\AppData\Local\Temp\ccS8hll8.s:28     .text.Flasher_Init:00000000 $t
C:\Users\ADMINI~1\AppData\Local\Temp\ccS8hll8.s:36     .text.Flasher_Init:00000000 Flasher_Init
C:\Users\ADMINI~1\AppData\Local\Temp\ccS8hll8.s:135    .text.Flasher_Init:00000078 $d
C:\Users\ADMINI~1\AppData\Local\Temp\ccS8hll8.s:143    .text.HAL_TIM_PeriodElapsedCallback:00000000 $t
C:\Users\ADMINI~1\AppData\Local\Temp\ccS8hll8.s:150    .text.HAL_TIM_PeriodElapsedCallback:00000000 HAL_TIM_PeriodElapsedCallback
C:\Users\ADMINI~1\AppData\Local\Temp\ccS8hll8.s:193    .text.HAL_TIM_PeriodElapsedCallback:00000028 $d
C:\Users\ADMINI~1\AppData\Local\Temp\ccS8hll8.s:197    .text.HAL_TIM_PeriodElapsedCallback:0000002c $t
C:\Users\ADMINI~1\AppData\Local\Temp\ccS8hll8.s:318    .text.HAL_TIM_PeriodElapsedCallback:000000bc $d
C:\Users\ADMINI~1\AppData\Local\Temp\ccS8hll8.s:326    .text.Flasher_Loop:00000000 $t
C:\Users\ADMINI~1\AppData\Local\Temp\ccS8hll8.s:333    .text.Flasher_Loop:00000000 Flasher_Loop
C:\Users\ADMINI~1\AppData\Local\Temp\ccS8hll8.s:379    .bss.ShowFlag:00000000 ShowFlag
C:\Users\ADMINI~1\AppData\Local\Temp\ccS8hll8.s:360    .bss.Data:00000000 Data
C:\Users\ADMINI~1\AppData\Local\Temp\ccS8hll8.s:354    .bss.Cmd:00000000 Cmd
C:\Users\ADMINI~1\AppData\Local\Temp\ccS8hll8.s:386    .bss.blink_mode:00000000 blink_mode
C:\Users\ADMINI~1\AppData\Local\Temp\ccS8hll8.s:374    .bss.LED_Mode_old:00000000 LED_Mode_old
C:\Users\ADMINI~1\AppData\Local\Temp\ccS8hll8.s:367    .bss.LED_Mode:00000000 LED_Mode
C:\Users\ADMINI~1\AppData\Local\Temp\ccS8hll8.s:355    .bss.Cmd:00000000 $d
C:\Users\ADMINI~1\AppData\Local\Temp\ccS8hll8.s:357    .bss.Data:00000000 $d
C:\Users\ADMINI~1\AppData\Local\Temp\ccS8hll8.s:363    .bss.LED_Mode:00000000 $d
C:\Users\ADMINI~1\AppData\Local\Temp\ccS8hll8.s:370    .bss.LED_Mode_old:00000000 $d
C:\Users\ADMINI~1\AppData\Local\Temp\ccS8hll8.s:380    .bss.ShowFlag:00000000 $d
C:\Users\ADMINI~1\AppData\Local\Temp\ccS8hll8.s:382    .bss.blink_mode:00000000 $d

UNDEFINED SYMBOLS
my_printf
QSPI_SetInit
IS25LP128_Wakeup
IS25LP128_Init
memset
IS25LP128_Read
PrintMemoryMap
HAL_Delay
SDCard_Init
SDCard_bin
