ARM GAS  C:\Users\ADMINI~1\AppData\Local\Temp\ccTnDG36.s 			page 1


   1              		.cpu cortex-m4
   2              		.eabi_attribute 27, 1
   3              		.eabi_attribute 28, 1
   4              		.eabi_attribute 20, 1
   5              		.eabi_attribute 21, 1
   6              		.eabi_attribute 23, 3
   7              		.eabi_attribute 24, 1
   8              		.eabi_attribute 25, 1
   9              		.eabi_attribute 26, 1
  10              		.eabi_attribute 30, 1
  11              		.eabi_attribute 34, 1
  12              		.eabi_attribute 18, 4
  13              		.file	"gpio.c"
  14              		.text
  15              	.Ltext0:
  16              		.cfi_sections	.debug_frame
  17              		.section	.text.MX_GPIO_Init,"ax",%progbits
  18              		.align	1
  19              		.global	MX_GPIO_Init
  20              		.arch armv7e-m
  21              		.syntax unified
  22              		.thumb
  23              		.thumb_func
  24              		.fpu fpv4-sp-d16
  26              	MX_GPIO_Init:
  27              	.LFB130:
  28              		.file 1 "Src/gpio.c"
   1:Src/gpio.c    **** /**
   2:Src/gpio.c    ****   ******************************************************************************
   3:Src/gpio.c    ****   * File Name          : gpio.c
   4:Src/gpio.c    ****   * Description        : This file provides code for the configuration
   5:Src/gpio.c    ****   *                      of all used GPIO pins.
   6:Src/gpio.c    ****   ******************************************************************************
   7:Src/gpio.c    ****   * @attention
   8:Src/gpio.c    ****   *
   9:Src/gpio.c    ****   * <h2><center>&copy; Copyright (c) 2020 STMicroelectronics.
  10:Src/gpio.c    ****   * All rights reserved.</center></h2>
  11:Src/gpio.c    ****   *
  12:Src/gpio.c    ****   * This software component is licensed by ST under Ultimate Liberty license
  13:Src/gpio.c    ****   * SLA0044, the "License"; You may not use this file except in compliance with
  14:Src/gpio.c    ****   * the License. You may obtain a copy of the License at:
  15:Src/gpio.c    ****   *                             www.st.com/SLA0044
  16:Src/gpio.c    ****   *
  17:Src/gpio.c    ****   ******************************************************************************
  18:Src/gpio.c    ****   */
  19:Src/gpio.c    **** 
  20:Src/gpio.c    **** /* Includes ------------------------------------------------------------------*/
  21:Src/gpio.c    **** #include "gpio.h"
  22:Src/gpio.c    **** /* USER CODE BEGIN 0 */
  23:Src/gpio.c    **** 
  24:Src/gpio.c    **** /* USER CODE END 0 */
  25:Src/gpio.c    **** 
  26:Src/gpio.c    **** /*----------------------------------------------------------------------------*/
  27:Src/gpio.c    **** /* Configure GPIO                                                             */
  28:Src/gpio.c    **** /*----------------------------------------------------------------------------*/
  29:Src/gpio.c    **** /* USER CODE BEGIN 1 */
  30:Src/gpio.c    **** 
ARM GAS  C:\Users\ADMINI~1\AppData\Local\Temp\ccTnDG36.s 			page 2


  31:Src/gpio.c    **** /* USER CODE END 1 */
  32:Src/gpio.c    **** 
  33:Src/gpio.c    **** /** Configure pins as 
  34:Src/gpio.c    ****         * Analog 
  35:Src/gpio.c    ****         * Input 
  36:Src/gpio.c    ****         * Output
  37:Src/gpio.c    ****         * EVENT_OUT
  38:Src/gpio.c    ****         * EXTI
  39:Src/gpio.c    ****         * Free pins are configured automatically as Analog (this feature is enabled through 
  40:Src/gpio.c    ****         * the Code Generation settings)
  41:Src/gpio.c    **** */
  42:Src/gpio.c    **** void MX_GPIO_Init(void)
  43:Src/gpio.c    **** {
  29              		.loc 1 43 1 view -0
  30              		.cfi_startproc
  31              		@ args = 0, pretend = 0, frame = 40
  32              		@ frame_needed = 0, uses_anonymous_args = 0
  33 0000 70B5     		push	{r4, r5, r6, lr}
  34              	.LCFI0:
  35              		.cfi_def_cfa_offset 16
  36              		.cfi_offset 4, -16
  37              		.cfi_offset 5, -12
  38              		.cfi_offset 6, -8
  39              		.cfi_offset 14, -4
  40 0002 8AB0     		sub	sp, sp, #40
  41              	.LCFI1:
  42              		.cfi_def_cfa_offset 56
  44:Src/gpio.c    **** 
  45:Src/gpio.c    ****   GPIO_InitTypeDef GPIO_InitStruct = {0};
  43              		.loc 1 45 3 view .LVU1
  44              		.loc 1 45 20 is_stmt 0 view .LVU2
  45 0004 0024     		movs	r4, #0
  46 0006 0594     		str	r4, [sp, #20]
  47 0008 0694     		str	r4, [sp, #24]
  48 000a 0794     		str	r4, [sp, #28]
  49 000c 0894     		str	r4, [sp, #32]
  50 000e 0994     		str	r4, [sp, #36]
  46:Src/gpio.c    **** 
  47:Src/gpio.c    ****   /* GPIO Ports Clock Enable */
  48:Src/gpio.c    ****   __HAL_RCC_GPIOC_CLK_ENABLE();
  51              		.loc 1 48 3 is_stmt 1 view .LVU3
  52              	.LBB2:
  53              		.loc 1 48 3 view .LVU4
  54              		.loc 1 48 3 view .LVU5
  55 0010 324B     		ldr	r3, .L3
  56 0012 DA6C     		ldr	r2, [r3, #76]
  57 0014 42F00402 		orr	r2, r2, #4
  58 0018 DA64     		str	r2, [r3, #76]
  59              		.loc 1 48 3 view .LVU6
  60 001a DA6C     		ldr	r2, [r3, #76]
  61 001c 02F00402 		and	r2, r2, #4
  62 0020 0192     		str	r2, [sp, #4]
  63              		.loc 1 48 3 view .LVU7
  64 0022 019A     		ldr	r2, [sp, #4]
  65              	.LBE2:
  66              		.loc 1 48 3 view .LVU8
  49:Src/gpio.c    ****   __HAL_RCC_GPIOA_CLK_ENABLE();
ARM GAS  C:\Users\ADMINI~1\AppData\Local\Temp\ccTnDG36.s 			page 3


  67              		.loc 1 49 3 view .LVU9
  68              	.LBB3:
  69              		.loc 1 49 3 view .LVU10
  70              		.loc 1 49 3 view .LVU11
  71 0024 DA6C     		ldr	r2, [r3, #76]
  72 0026 42F00102 		orr	r2, r2, #1
  73 002a DA64     		str	r2, [r3, #76]
  74              		.loc 1 49 3 view .LVU12
  75 002c DA6C     		ldr	r2, [r3, #76]
  76 002e 02F00102 		and	r2, r2, #1
  77 0032 0292     		str	r2, [sp, #8]
  78              		.loc 1 49 3 view .LVU13
  79 0034 029A     		ldr	r2, [sp, #8]
  80              	.LBE3:
  81              		.loc 1 49 3 view .LVU14
  50:Src/gpio.c    ****   __HAL_RCC_GPIOB_CLK_ENABLE();
  82              		.loc 1 50 3 view .LVU15
  83              	.LBB4:
  84              		.loc 1 50 3 view .LVU16
  85              		.loc 1 50 3 view .LVU17
  86 0036 DA6C     		ldr	r2, [r3, #76]
  87 0038 42F00202 		orr	r2, r2, #2
  88 003c DA64     		str	r2, [r3, #76]
  89              		.loc 1 50 3 view .LVU18
  90 003e DA6C     		ldr	r2, [r3, #76]
  91 0040 02F00202 		and	r2, r2, #2
  92 0044 0392     		str	r2, [sp, #12]
  93              		.loc 1 50 3 view .LVU19
  94 0046 039A     		ldr	r2, [sp, #12]
  95              	.LBE4:
  96              		.loc 1 50 3 view .LVU20
  51:Src/gpio.c    ****   __HAL_RCC_GPIOH_CLK_ENABLE();
  97              		.loc 1 51 3 view .LVU21
  98              	.LBB5:
  99              		.loc 1 51 3 view .LVU22
 100              		.loc 1 51 3 view .LVU23
 101 0048 DA6C     		ldr	r2, [r3, #76]
 102 004a 42F08002 		orr	r2, r2, #128
 103 004e DA64     		str	r2, [r3, #76]
 104              		.loc 1 51 3 view .LVU24
 105 0050 DB6C     		ldr	r3, [r3, #76]
 106 0052 03F08003 		and	r3, r3, #128
 107 0056 0493     		str	r3, [sp, #16]
 108              		.loc 1 51 3 view .LVU25
 109 0058 049B     		ldr	r3, [sp, #16]
 110              	.LBE5:
 111              		.loc 1 51 3 view .LVU26
  52:Src/gpio.c    **** 
  53:Src/gpio.c    ****   /*Configure GPIO pin Output Level */
  54:Src/gpio.c    ****   HAL_GPIO_WritePin(GPIOA, Stat_LED_Pin|SD_CS_Pin, GPIO_PIN_RESET);
 112              		.loc 1 54 3 view .LVU27
 113 005a 2246     		mov	r2, r4
 114 005c 2221     		movs	r1, #34
 115 005e 4FF09040 		mov	r0, #1207959552
 116 0062 FFF7FEFF 		bl	HAL_GPIO_WritePin
 117              	.LVL0:
  55:Src/gpio.c    **** 
ARM GAS  C:\Users\ADMINI~1\AppData\Local\Temp\ccTnDG36.s 			page 4


  56:Src/gpio.c    ****   /*Configure GPIO pins : PC14 PC15 */
  57:Src/gpio.c    ****   GPIO_InitStruct.Pin = GPIO_PIN_14|GPIO_PIN_15;
 118              		.loc 1 57 3 view .LVU28
 119              		.loc 1 57 23 is_stmt 0 view .LVU29
 120 0066 4FF44043 		mov	r3, #49152
 121 006a 0593     		str	r3, [sp, #20]
  58:Src/gpio.c    ****   GPIO_InitStruct.Mode = GPIO_MODE_ANALOG;
 122              		.loc 1 58 3 is_stmt 1 view .LVU30
 123              		.loc 1 58 24 is_stmt 0 view .LVU31
 124 006c 0325     		movs	r5, #3
 125 006e 0695     		str	r5, [sp, #24]
  59:Src/gpio.c    ****   GPIO_InitStruct.Pull = GPIO_NOPULL;
 126              		.loc 1 59 3 is_stmt 1 view .LVU32
 127              		.loc 1 59 24 is_stmt 0 view .LVU33
 128 0070 0794     		str	r4, [sp, #28]
  60:Src/gpio.c    ****   HAL_GPIO_Init(GPIOC, &GPIO_InitStruct);
 129              		.loc 1 60 3 is_stmt 1 view .LVU34
 130 0072 05A9     		add	r1, sp, #20
 131 0074 1A48     		ldr	r0, .L3+4
 132 0076 FFF7FEFF 		bl	HAL_GPIO_Init
 133              	.LVL1:
  61:Src/gpio.c    **** 
  62:Src/gpio.c    ****   /*Configure GPIO pins : PAPin PAPin */
  63:Src/gpio.c    ****   GPIO_InitStruct.Pin = Start_Btn_Pin|Card_Detact_Pin;
 134              		.loc 1 63 3 view .LVU35
 135              		.loc 1 63 23 is_stmt 0 view .LVU36
 136 007a 48F20103 		movw	r3, #32769
 137 007e 0593     		str	r3, [sp, #20]
  64:Src/gpio.c    ****   GPIO_InitStruct.Mode = GPIO_MODE_INPUT;
 138              		.loc 1 64 3 is_stmt 1 view .LVU37
 139              		.loc 1 64 24 is_stmt 0 view .LVU38
 140 0080 0694     		str	r4, [sp, #24]
  65:Src/gpio.c    ****   GPIO_InitStruct.Pull = GPIO_PULLUP;
 141              		.loc 1 65 3 is_stmt 1 view .LVU39
 142              		.loc 1 65 24 is_stmt 0 view .LVU40
 143 0082 0126     		movs	r6, #1
 144 0084 0796     		str	r6, [sp, #28]
  66:Src/gpio.c    ****   HAL_GPIO_Init(GPIOA, &GPIO_InitStruct);
 145              		.loc 1 66 3 is_stmt 1 view .LVU41
 146 0086 05A9     		add	r1, sp, #20
 147 0088 4FF09040 		mov	r0, #1207959552
 148 008c FFF7FEFF 		bl	HAL_GPIO_Init
 149              	.LVL2:
  67:Src/gpio.c    **** 
  68:Src/gpio.c    ****   /*Configure GPIO pins : PAPin PAPin */
  69:Src/gpio.c    ****   GPIO_InitStruct.Pin = Stat_LED_Pin|SD_CS_Pin;
 150              		.loc 1 69 3 view .LVU42
 151              		.loc 1 69 23 is_stmt 0 view .LVU43
 152 0090 2223     		movs	r3, #34
 153 0092 0593     		str	r3, [sp, #20]
  70:Src/gpio.c    ****   GPIO_InitStruct.Mode = GPIO_MODE_OUTPUT_PP;
 154              		.loc 1 70 3 is_stmt 1 view .LVU44
 155              		.loc 1 70 24 is_stmt 0 view .LVU45
 156 0094 0696     		str	r6, [sp, #24]
  71:Src/gpio.c    ****   GPIO_InitStruct.Pull = GPIO_NOPULL;
 157              		.loc 1 71 3 is_stmt 1 view .LVU46
 158              		.loc 1 71 24 is_stmt 0 view .LVU47
ARM GAS  C:\Users\ADMINI~1\AppData\Local\Temp\ccTnDG36.s 			page 5


 159 0096 0794     		str	r4, [sp, #28]
  72:Src/gpio.c    ****   GPIO_InitStruct.Speed = GPIO_SPEED_FREQ_LOW;
 160              		.loc 1 72 3 is_stmt 1 view .LVU48
 161              		.loc 1 72 25 is_stmt 0 view .LVU49
 162 0098 0894     		str	r4, [sp, #32]
  73:Src/gpio.c    ****   HAL_GPIO_Init(GPIOA, &GPIO_InitStruct);
 163              		.loc 1 73 3 is_stmt 1 view .LVU50
 164 009a 05A9     		add	r1, sp, #20
 165 009c 4FF09040 		mov	r0, #1207959552
 166 00a0 FFF7FEFF 		bl	HAL_GPIO_Init
 167              	.LVL3:
  74:Src/gpio.c    **** 
  75:Src/gpio.c    ****   /*Configure GPIO pins : PA4 PA8 PA11 PA12 */
  76:Src/gpio.c    ****   GPIO_InitStruct.Pin = GPIO_PIN_4|GPIO_PIN_8|GPIO_PIN_11|GPIO_PIN_12;
 168              		.loc 1 76 3 view .LVU51
 169              		.loc 1 76 23 is_stmt 0 view .LVU52
 170 00a4 41F61013 		movw	r3, #6416
 171 00a8 0593     		str	r3, [sp, #20]
  77:Src/gpio.c    ****   GPIO_InitStruct.Mode = GPIO_MODE_ANALOG;
 172              		.loc 1 77 3 is_stmt 1 view .LVU53
 173              		.loc 1 77 24 is_stmt 0 view .LVU54
 174 00aa 0695     		str	r5, [sp, #24]
  78:Src/gpio.c    ****   GPIO_InitStruct.Pull = GPIO_NOPULL;
 175              		.loc 1 78 3 is_stmt 1 view .LVU55
 176              		.loc 1 78 24 is_stmt 0 view .LVU56
 177 00ac 0794     		str	r4, [sp, #28]
  79:Src/gpio.c    ****   HAL_GPIO_Init(GPIOA, &GPIO_InitStruct);
 178              		.loc 1 79 3 is_stmt 1 view .LVU57
 179 00ae 05A9     		add	r1, sp, #20
 180 00b0 4FF09040 		mov	r0, #1207959552
 181 00b4 FFF7FEFF 		bl	HAL_GPIO_Init
 182              	.LVL4:
  80:Src/gpio.c    **** 
  81:Src/gpio.c    ****   /*Configure GPIO pins : PB6 PB7 */
  82:Src/gpio.c    ****   GPIO_InitStruct.Pin = GPIO_PIN_6|GPIO_PIN_7;
 183              		.loc 1 82 3 view .LVU58
 184              		.loc 1 82 23 is_stmt 0 view .LVU59
 185 00b8 C023     		movs	r3, #192
 186 00ba 0593     		str	r3, [sp, #20]
  83:Src/gpio.c    ****   GPIO_InitStruct.Mode = GPIO_MODE_ANALOG;
 187              		.loc 1 83 3 is_stmt 1 view .LVU60
 188              		.loc 1 83 24 is_stmt 0 view .LVU61
 189 00bc 0695     		str	r5, [sp, #24]
  84:Src/gpio.c    ****   GPIO_InitStruct.Pull = GPIO_NOPULL;
 190              		.loc 1 84 3 is_stmt 1 view .LVU62
 191              		.loc 1 84 24 is_stmt 0 view .LVU63
 192 00be 0794     		str	r4, [sp, #28]
  85:Src/gpio.c    ****   HAL_GPIO_Init(GPIOB, &GPIO_InitStruct);
 193              		.loc 1 85 3 is_stmt 1 view .LVU64
 194 00c0 05A9     		add	r1, sp, #20
 195 00c2 0848     		ldr	r0, .L3+8
 196 00c4 FFF7FEFF 		bl	HAL_GPIO_Init
 197              	.LVL5:
  86:Src/gpio.c    **** 
  87:Src/gpio.c    ****   /*Configure GPIO pin : PH3 */
  88:Src/gpio.c    ****   GPIO_InitStruct.Pin = GPIO_PIN_3;
 198              		.loc 1 88 3 view .LVU65
ARM GAS  C:\Users\ADMINI~1\AppData\Local\Temp\ccTnDG36.s 			page 6


 199              		.loc 1 88 23 is_stmt 0 view .LVU66
 200 00c8 0823     		movs	r3, #8
 201 00ca 0593     		str	r3, [sp, #20]
  89:Src/gpio.c    ****   GPIO_InitStruct.Mode = GPIO_MODE_ANALOG;
 202              		.loc 1 89 3 is_stmt 1 view .LVU67
 203              		.loc 1 89 24 is_stmt 0 view .LVU68
 204 00cc 0695     		str	r5, [sp, #24]
  90:Src/gpio.c    ****   GPIO_InitStruct.Pull = GPIO_NOPULL;
 205              		.loc 1 90 3 is_stmt 1 view .LVU69
 206              		.loc 1 90 24 is_stmt 0 view .LVU70
 207 00ce 0794     		str	r4, [sp, #28]
  91:Src/gpio.c    ****   HAL_GPIO_Init(GPIOH, &GPIO_InitStruct);
 208              		.loc 1 91 3 is_stmt 1 view .LVU71
 209 00d0 05A9     		add	r1, sp, #20
 210 00d2 0548     		ldr	r0, .L3+12
 211 00d4 FFF7FEFF 		bl	HAL_GPIO_Init
 212              	.LVL6:
  92:Src/gpio.c    **** 
  93:Src/gpio.c    **** }
 213              		.loc 1 93 1 is_stmt 0 view .LVU72
 214 00d8 0AB0     		add	sp, sp, #40
 215              	.LCFI2:
 216              		.cfi_def_cfa_offset 16
 217              		@ sp needed
 218 00da 70BD     		pop	{r4, r5, r6, pc}
 219              	.L4:
 220              		.align	2
 221              	.L3:
 222 00dc 00100240 		.word	1073876992
 223 00e0 00080048 		.word	1207961600
 224 00e4 00040048 		.word	1207960576
 225 00e8 001C0048 		.word	1207966720
 226              		.cfi_endproc
 227              	.LFE130:
 229              		.text
 230              	.Letext0:
 231              		.file 2 "c:\\program files (x86)\\gnu arm embedded toolchain\\9 2020-q2-update\\arm-none-eabi\\inc
 232              		.file 3 "c:\\program files (x86)\\gnu arm embedded toolchain\\9 2020-q2-update\\arm-none-eabi\\inc
 233              		.file 4 "Drivers/CMSIS/Include/core_cm4.h"
 234              		.file 5 "Drivers/CMSIS/Device/ST/STM32L4xx/Include/system_stm32l4xx.h"
 235              		.file 6 "Drivers/CMSIS/Device/ST/STM32L4xx/Include/stm32l412xx.h"
 236              		.file 7 "Drivers/STM32L4xx_HAL_Driver/Inc/stm32l4xx_hal_def.h"
 237              		.file 8 "Drivers/STM32L4xx_HAL_Driver/Inc/stm32l4xx_hal_gpio.h"
 238              		.file 9 "Drivers/STM32L4xx_HAL_Driver/Inc/stm32l4xx_hal_flash.h"
 239              		.file 10 "Drivers/STM32L4xx_HAL_Driver/Inc/stm32l4xx_hal.h"
ARM GAS  C:\Users\ADMINI~1\AppData\Local\Temp\ccTnDG36.s 			page 7


DEFINED SYMBOLS
                            *ABS*:00000000 gpio.c
C:\Users\ADMINI~1\AppData\Local\Temp\ccTnDG36.s:18     .text.MX_GPIO_Init:00000000 $t
C:\Users\ADMINI~1\AppData\Local\Temp\ccTnDG36.s:26     .text.MX_GPIO_Init:00000000 MX_GPIO_Init
C:\Users\ADMINI~1\AppData\Local\Temp\ccTnDG36.s:222    .text.MX_GPIO_Init:000000dc $d

UNDEFINED SYMBOLS
HAL_GPIO_WritePin
HAL_GPIO_Init
