ARM GAS  C:\Users\ADMINI~1\AppData\Local\Temp\ccHyUH2F.s 			page 1


   1              		.cpu cortex-m4
   2              		.eabi_attribute 27, 1
   3              		.eabi_attribute 28, 1
   4              		.eabi_attribute 20, 1
   5              		.eabi_attribute 21, 1
   6              		.eabi_attribute 23, 3
   7              		.eabi_attribute 24, 1
   8              		.eabi_attribute 25, 1
   9              		.eabi_attribute 26, 1
  10              		.eabi_attribute 30, 1
  11              		.eabi_attribute 34, 1
  12              		.eabi_attribute 18, 4
  13              		.file	"stm32l4xx_hal_msp.c"
  14              		.text
  15              	.Ltext0:
  16              		.cfi_sections	.debug_frame
  17              		.section	.text.HAL_MspInit,"ax",%progbits
  18              		.align	1
  19              		.global	HAL_MspInit
  20              		.arch armv7e-m
  21              		.syntax unified
  22              		.thumb
  23              		.thumb_func
  24              		.fpu fpv4-sp-d16
  26              	HAL_MspInit:
  27              	.LFB130:
  28              		.file 1 "Src/stm32l4xx_hal_msp.c"
   1:Src/stm32l4xx_hal_msp.c **** /* USER CODE BEGIN Header */
   2:Src/stm32l4xx_hal_msp.c **** /**
   3:Src/stm32l4xx_hal_msp.c ****   ******************************************************************************
   4:Src/stm32l4xx_hal_msp.c ****   * File Name          : stm32l4xx_hal_msp.c
   5:Src/stm32l4xx_hal_msp.c ****   * Description        : This file provides code for the MSP Initialization 
   6:Src/stm32l4xx_hal_msp.c ****   *                      and de-Initialization codes.
   7:Src/stm32l4xx_hal_msp.c ****   ******************************************************************************
   8:Src/stm32l4xx_hal_msp.c ****   * @attention
   9:Src/stm32l4xx_hal_msp.c ****   *
  10:Src/stm32l4xx_hal_msp.c ****   * <h2><center>&copy; Copyright (c) 2020 STMicroelectronics.
  11:Src/stm32l4xx_hal_msp.c ****   * All rights reserved.</center></h2>
  12:Src/stm32l4xx_hal_msp.c ****   *
  13:Src/stm32l4xx_hal_msp.c ****   * This software component is licensed by ST under Ultimate Liberty license
  14:Src/stm32l4xx_hal_msp.c ****   * SLA0044, the "License"; You may not use this file except in compliance with
  15:Src/stm32l4xx_hal_msp.c ****   * the License. You may obtain a copy of the License at:
  16:Src/stm32l4xx_hal_msp.c ****   *                             www.st.com/SLA0044
  17:Src/stm32l4xx_hal_msp.c ****   *
  18:Src/stm32l4xx_hal_msp.c ****   ******************************************************************************
  19:Src/stm32l4xx_hal_msp.c ****   */
  20:Src/stm32l4xx_hal_msp.c **** /* USER CODE END Header */
  21:Src/stm32l4xx_hal_msp.c **** 
  22:Src/stm32l4xx_hal_msp.c **** /* Includes ------------------------------------------------------------------*/
  23:Src/stm32l4xx_hal_msp.c **** #include "main.h"
  24:Src/stm32l4xx_hal_msp.c **** /* USER CODE BEGIN Includes */
  25:Src/stm32l4xx_hal_msp.c **** 
  26:Src/stm32l4xx_hal_msp.c **** /* USER CODE END Includes */
  27:Src/stm32l4xx_hal_msp.c **** 
  28:Src/stm32l4xx_hal_msp.c **** /* Private typedef -----------------------------------------------------------*/
  29:Src/stm32l4xx_hal_msp.c **** /* USER CODE BEGIN TD */
  30:Src/stm32l4xx_hal_msp.c **** 
ARM GAS  C:\Users\ADMINI~1\AppData\Local\Temp\ccHyUH2F.s 			page 2


  31:Src/stm32l4xx_hal_msp.c **** /* USER CODE END TD */
  32:Src/stm32l4xx_hal_msp.c **** 
  33:Src/stm32l4xx_hal_msp.c **** /* Private define ------------------------------------------------------------*/
  34:Src/stm32l4xx_hal_msp.c **** /* USER CODE BEGIN Define */
  35:Src/stm32l4xx_hal_msp.c ****  
  36:Src/stm32l4xx_hal_msp.c **** /* USER CODE END Define */
  37:Src/stm32l4xx_hal_msp.c **** 
  38:Src/stm32l4xx_hal_msp.c **** /* Private macro -------------------------------------------------------------*/
  39:Src/stm32l4xx_hal_msp.c **** /* USER CODE BEGIN Macro */
  40:Src/stm32l4xx_hal_msp.c **** 
  41:Src/stm32l4xx_hal_msp.c **** /* USER CODE END Macro */
  42:Src/stm32l4xx_hal_msp.c **** 
  43:Src/stm32l4xx_hal_msp.c **** /* Private variables ---------------------------------------------------------*/
  44:Src/stm32l4xx_hal_msp.c **** /* USER CODE BEGIN PV */
  45:Src/stm32l4xx_hal_msp.c **** 
  46:Src/stm32l4xx_hal_msp.c **** /* USER CODE END PV */
  47:Src/stm32l4xx_hal_msp.c **** 
  48:Src/stm32l4xx_hal_msp.c **** /* Private function prototypes -----------------------------------------------*/
  49:Src/stm32l4xx_hal_msp.c **** /* USER CODE BEGIN PFP */
  50:Src/stm32l4xx_hal_msp.c **** 
  51:Src/stm32l4xx_hal_msp.c **** /* USER CODE END PFP */
  52:Src/stm32l4xx_hal_msp.c **** 
  53:Src/stm32l4xx_hal_msp.c **** /* External functions --------------------------------------------------------*/
  54:Src/stm32l4xx_hal_msp.c **** /* USER CODE BEGIN ExternalFunctions */
  55:Src/stm32l4xx_hal_msp.c **** 
  56:Src/stm32l4xx_hal_msp.c **** /* USER CODE END ExternalFunctions */
  57:Src/stm32l4xx_hal_msp.c **** 
  58:Src/stm32l4xx_hal_msp.c **** /* USER CODE BEGIN 0 */
  59:Src/stm32l4xx_hal_msp.c **** 
  60:Src/stm32l4xx_hal_msp.c **** /* USER CODE END 0 */
  61:Src/stm32l4xx_hal_msp.c **** /**
  62:Src/stm32l4xx_hal_msp.c ****   * Initializes the Global MSP.
  63:Src/stm32l4xx_hal_msp.c ****   */
  64:Src/stm32l4xx_hal_msp.c **** void HAL_MspInit(void)
  65:Src/stm32l4xx_hal_msp.c **** {
  29              		.loc 1 65 1 view -0
  30              		.cfi_startproc
  31              		@ args = 0, pretend = 0, frame = 8
  32              		@ frame_needed = 0, uses_anonymous_args = 0
  33              		@ link register save eliminated.
  34 0000 82B0     		sub	sp, sp, #8
  35              	.LCFI0:
  36              		.cfi_def_cfa_offset 8
  66:Src/stm32l4xx_hal_msp.c ****   /* USER CODE BEGIN MspInit 0 */
  67:Src/stm32l4xx_hal_msp.c **** 
  68:Src/stm32l4xx_hal_msp.c ****   /* USER CODE END MspInit 0 */
  69:Src/stm32l4xx_hal_msp.c **** 
  70:Src/stm32l4xx_hal_msp.c ****   __HAL_RCC_SYSCFG_CLK_ENABLE();
  37              		.loc 1 70 3 view .LVU1
  38              	.LBB2:
  39              		.loc 1 70 3 view .LVU2
  40              		.loc 1 70 3 view .LVU3
  41 0002 0A4B     		ldr	r3, .L3
  42 0004 1A6E     		ldr	r2, [r3, #96]
  43 0006 42F00102 		orr	r2, r2, #1
  44 000a 1A66     		str	r2, [r3, #96]
  45              		.loc 1 70 3 view .LVU4
ARM GAS  C:\Users\ADMINI~1\AppData\Local\Temp\ccHyUH2F.s 			page 3


  46 000c 1A6E     		ldr	r2, [r3, #96]
  47 000e 02F00102 		and	r2, r2, #1
  48 0012 0092     		str	r2, [sp]
  49              		.loc 1 70 3 view .LVU5
  50 0014 009A     		ldr	r2, [sp]
  51              	.LBE2:
  52              		.loc 1 70 3 view .LVU6
  71:Src/stm32l4xx_hal_msp.c ****   __HAL_RCC_PWR_CLK_ENABLE();
  53              		.loc 1 71 3 view .LVU7
  54              	.LBB3:
  55              		.loc 1 71 3 view .LVU8
  56              		.loc 1 71 3 view .LVU9
  57 0016 9A6D     		ldr	r2, [r3, #88]
  58 0018 42F08052 		orr	r2, r2, #268435456
  59 001c 9A65     		str	r2, [r3, #88]
  60              		.loc 1 71 3 view .LVU10
  61 001e 9B6D     		ldr	r3, [r3, #88]
  62 0020 03F08053 		and	r3, r3, #268435456
  63 0024 0193     		str	r3, [sp, #4]
  64              		.loc 1 71 3 view .LVU11
  65 0026 019B     		ldr	r3, [sp, #4]
  66              	.LBE3:
  67              		.loc 1 71 3 view .LVU12
  72:Src/stm32l4xx_hal_msp.c **** 
  73:Src/stm32l4xx_hal_msp.c ****   /* System interrupt init*/
  74:Src/stm32l4xx_hal_msp.c **** 
  75:Src/stm32l4xx_hal_msp.c ****   /* USER CODE BEGIN MspInit 1 */
  76:Src/stm32l4xx_hal_msp.c **** 
  77:Src/stm32l4xx_hal_msp.c ****   /* USER CODE END MspInit 1 */
  78:Src/stm32l4xx_hal_msp.c **** }
  68              		.loc 1 78 1 is_stmt 0 view .LVU13
  69 0028 02B0     		add	sp, sp, #8
  70              	.LCFI1:
  71              		.cfi_def_cfa_offset 0
  72              		@ sp needed
  73 002a 7047     		bx	lr
  74              	.L4:
  75              		.align	2
  76              	.L3:
  77 002c 00100240 		.word	1073876992
  78              		.cfi_endproc
  79              	.LFE130:
  81              		.text
  82              	.Letext0:
  83              		.file 2 "c:\\program files (x86)\\gnu arm embedded toolchain\\9 2020-q2-update\\arm-none-eabi\\inc
  84              		.file 3 "c:\\program files (x86)\\gnu arm embedded toolchain\\9 2020-q2-update\\arm-none-eabi\\inc
  85              		.file 4 "Drivers/CMSIS/Include/core_cm4.h"
  86              		.file 5 "Drivers/CMSIS/Device/ST/STM32L4xx/Include/system_stm32l4xx.h"
  87              		.file 6 "Drivers/CMSIS/Device/ST/STM32L4xx/Include/stm32l412xx.h"
  88              		.file 7 "Drivers/STM32L4xx_HAL_Driver/Inc/stm32l4xx_hal_def.h"
  89              		.file 8 "Drivers/STM32L4xx_HAL_Driver/Inc/stm32l4xx_hal_flash.h"
  90              		.file 9 "Drivers/STM32L4xx_HAL_Driver/Inc/stm32l4xx_hal.h"
ARM GAS  C:\Users\ADMINI~1\AppData\Local\Temp\ccHyUH2F.s 			page 4


DEFINED SYMBOLS
                            *ABS*:00000000 stm32l4xx_hal_msp.c
C:\Users\ADMINI~1\AppData\Local\Temp\ccHyUH2F.s:18     .text.HAL_MspInit:00000000 $t
C:\Users\ADMINI~1\AppData\Local\Temp\ccHyUH2F.s:26     .text.HAL_MspInit:00000000 HAL_MspInit
C:\Users\ADMINI~1\AppData\Local\Temp\ccHyUH2F.s:77     .text.HAL_MspInit:0000002c $d

NO UNDEFINED SYMBOLS
