ARM GAS  C:\Users\ADMINI~1\AppData\Local\Temp\cckDd0Tl.s 			page 1


   1              		.cpu cortex-m4
   2              		.eabi_attribute 27, 1
   3              		.eabi_attribute 28, 1
   4              		.eabi_attribute 20, 1
   5              		.eabi_attribute 21, 1
   6              		.eabi_attribute 23, 3
   7              		.eabi_attribute 24, 1
   8              		.eabi_attribute 25, 1
   9              		.eabi_attribute 26, 1
  10              		.eabi_attribute 30, 1
  11              		.eabi_attribute 34, 1
  12              		.eabi_attribute 18, 4
  13              		.file	"syscall.c"
  14              		.text
  15              	.Ltext0:
  16              		.cfi_sections	.debug_frame
  17              	.Letext0:
  18              		.file 1 "c:\\program files (x86)\\gnu arm embedded toolchain\\9 2020-q2-update\\arm-none-eabi\\inc
  19              		.file 2 "c:\\program files (x86)\\gnu arm embedded toolchain\\9 2020-q2-update\\arm-none-eabi\\inc
  20              		.file 3 "Drivers/CMSIS/Include/core_cm4.h"
  21              		.file 4 "Drivers/CMSIS/Device/ST/STM32L4xx/Include/system_stm32l4xx.h"
  22              		.file 5 "Drivers/STM32L4xx_HAL_Driver/Inc/stm32l4xx_hal_def.h"
  23              		.file 6 "Drivers/STM32L4xx_HAL_Driver/Inc/stm32l4xx_hal_flash.h"
  24              		.file 7 "Drivers/STM32L4xx_HAL_Driver/Inc/stm32l4xx_hal.h"
  25              		.file 8 "c:\\program files (x86)\\gnu arm embedded toolchain\\9 2020-q2-update\\lib\\gcc\\arm-none
  26              		.file 9 "c:\\program files (x86)\\gnu arm embedded toolchain\\9 2020-q2-update\\arm-none-eabi\\inc
  27              		.file 10 "c:\\program files (x86)\\gnu arm embedded toolchain\\9 2020-q2-update\\arm-none-eabi\\in
  28              		.file 11 "c:\\program files (x86)\\gnu arm embedded toolchain\\9 2020-q2-update\\arm-none-eabi\\in
  29              		.file 12 "c:\\program files (x86)\\gnu arm embedded toolchain\\9 2020-q2-update\\arm-none-eabi\\in
ARM GAS  C:\Users\ADMINI~1\AppData\Local\Temp\cckDd0Tl.s 			page 2


DEFINED SYMBOLS
                            *ABS*:00000000 syscall.c

NO UNDEFINED SYMBOLS
